[debug] [2021-07-21T14:28:16.838Z] ----------------------------------------------------------------------
[debug] [2021-07-21T14:28:16.840Z] Command:       /usr/local/bin/firebase /Users/ayushmaanganotra/.cache/firebase/tools/lib/node_modules/firebase-tools/lib/bin/firebase init hosting
[debug] [2021-07-21T14:28:16.840Z] CLI Version:   9.16.0
[debug] [2021-07-21T14:28:16.840Z] Platform:      darwin
[debug] [2021-07-21T14:28:16.840Z] Node Version:  v12.18.1
[debug] [2021-07-21T14:28:16.841Z] Time:          Wed Jul 21 2021 10:28:16 GMT-0400 (Eastern Daylight Time)
[debug] [2021-07-21T14:28:16.841Z] ----------------------------------------------------------------------
[debug] 
[debug] [2021-07-21T14:28:16.849Z] > command requires scopes: ["email","openid","https://www.googleapis.com/auth/cloudplatformprojects.readonly","https://www.googleapis.com/auth/firebase","https://www.googleapis.com/auth/cloud-platform"]
[debug] [2021-07-21T14:28:16.849Z] > authorizing via signed-in user (ayushmaang@gmail.com)
[info] 
     ######## #### ########  ######## ########     ###     ######  ########
     ##        ##  ##     ## ##       ##     ##  ##   ##  ##       ##
     ######    ##  ########  ######   ########  #########  ######  ######
     ##        ##  ##    ##  ##       ##     ## ##     ##       ## ##
     ##       #### ##     ## ######## ########  ##     ##  ######  ########

You're about to initialize a Firebase project in this directory:

  /Users/ayushmaanganotra/Documents/Labeled Green Website

[info] 
=== Project Setup
[info] 
[info] First, let's associate this project directory with a Firebase project.
[info] You can create multiple project aliases by running firebase use --add, 
[info] but for now we'll just set up a default project.
[info] 
[debug] [2021-07-21T14:28:17.801Z] >>> [apiv2][query] GET https://firebase.googleapis.com/v1beta1/projects pageSize=100
[debug] [2021-07-21T14:28:18.206Z] <<< [apiv2][status] GET https://firebase.googleapis.com/v1beta1/projects 200
[debug] [2021-07-21T14:28:18.207Z] <<< [apiv2][body] GET https://firebase.googleapis.com/v1beta1/projects [omitted]
[info] i  Using project labeled-green (Labeled Green) 
[info] 
=== Hosting Setup
[info] 
[info] Your public directory is the folder (relative to your project directory) that
[info] will contain Hosting assets to be uploaded with firebase deploy. If you
[info] have a build process for your assets, use your build's output directory.
[info] 
[info] ✔  Wrote public/404.html 
[debug] [2021-07-21T14:28:35.436Z] >>> [apiv2][query] GET https://www.gstatic.com/firebasejs/releases.json [none]
[debug] [2021-07-21T14:28:35.523Z] <<< [apiv2][status] GET https://www.gstatic.com/firebasejs/releases.json 200
[debug] [2021-07-21T14:28:35.524Z] <<< [apiv2][body] GET https://www.gstatic.com/firebasejs/releases.json {"current":{"version":"8.7.1","browserURL":"https://www.gstatic.com/firebasejs/8.7.1/firebase.js","packageURL":"https://www.gstatic.com/firebasejs/8.7.1/firebase.tgz"},"live":{"version":"8.7","browserURL":"https://www.gstatic.com/firebasejs/live/8.7/firebase.js","packageURL":"https://www.gstatic.com/firebasejs/live/8.7/firebase.tgz"},"components":{"analytics":"https://www.gstatic.com/firebasejs/8.7.1/firebase-analytics.js","app":"https://www.gstatic.com/firebasejs/8.7.1/firebase-app.js","app-check":"https://www.gstatic.com/firebasejs/8.7.1/firebase-app-check.js","auth":"https://www.gstatic.com/firebasejs/8.7.1/firebase-auth.js","database":"https://www.gstatic.com/firebasejs/8.7.1/firebase-database.js","firestore":"https://www.gstatic.com/firebasejs/8.7.1/firebase-firestore.js","functions":"https://www.gstatic.com/firebasejs/8.7.1/firebase-functions.js","installations":"https://www.gstatic.com/firebasejs/8.7.1/firebase-installations.js","messaging":"https://www.gstatic.com/firebasejs/8.7.1/firebase-messaging.js","storage":"https://www.gstatic.com/firebasejs/8.7.1/firebase-storage.js","performance":"https://www.gstatic.com/firebasejs/8.7.1/firebase-performance.js","remote-config":"https://www.gstatic.com/firebasejs/8.7.1/firebase-remote-config.js","firestore.memory":"https://www.gstatic.com/firebasejs/8.7.1/firebase-firestore.memory.js"}}
[info] i  Skipping write of public/index.html 
[info] 
[info] i  Didn't detect a .git folder. Assuming /Users/ayushmaanganotra/Documents/Labeled Green Website is the project root. 
[info] i  Authorizing with GitHub to upload your service account to a GitHub repository's secrets store. 
[info] 
[info] Visit this URL on this device to log in:
[info] https://github.com/login/oauth/authorize?client_id=89cf50f02ac6aaed3484&state=415320901&redirect_uri=http%3A%2F%2Flocalhost%3A9005&scope=read%3Auser%20repo%20public_repo
[info] 
[info] Waiting for authentication...
[debug] [2021-07-21T14:28:49.894Z] >>> HTTP REQUEST POST https://github.com/login/oauth/access_token  
 {"client_id":"89cf50f02ac6aaed3484","client_secret":"3330d14abc895d9a74d5f17cd7a00711fa2c5bf0","code":"f311f1d6d4d69eac3dea","redirect_uri":"http://localhost:9005","state":"415320901"}
[debug] [2021-07-21T14:28:50.072Z] <<< HTTP RESPONSE 200 {"server":"GitHub.com","date":"Wed, 21 Jul 2021 14:28:50 GMT","content-type":"application/json; charset=utf-8","transfer-encoding":"chunked","vary":"X-PJAX, Accept-Encoding, Accept, X-Requested-With","permissions-policy":"interest-cohort=()","etag":"W/\"0ac201afd3af9eebc53983cba5c13ccf\"","cache-control":"max-age=0, private, must-revalidate","strict-transport-security":"max-age=31536000; includeSubdomains; preload","x-frame-options":"deny","x-content-type-options":"nosniff","x-xss-protection":"0","referrer-policy":"origin-when-cross-origin, strict-origin-when-cross-origin","expect-ct":"max-age=2592000, report-uri=\"https://api.github.com/_private/browser/errors\"","content-security-policy":"default-src 'none'; base-uri 'self'; block-all-mixed-content; connect-src 'self' uploads.github.com www.githubstatus.com collector.githubapp.com api.github.com github-cloud.s3.amazonaws.com github-production-repository-file-5c1aeb.s3.amazonaws.com github-production-upload-manifest-file-7fdce7.s3.amazonaws.com github-production-user-asset-6210df.s3.amazonaws.com cdn.optimizely.com logx.optimizely.com/v1/events translator.github.com wss://alive.github.com; font-src github.githubassets.com; form-action 'self' github.com gist.github.com; frame-ancestors 'none'; frame-src render.githubusercontent.com render-temp.githubusercontent.com viewscreen.githubusercontent.com; img-src 'self' data: github.githubassets.com identicons.github.com collector.githubapp.com github-cloud.s3.amazonaws.com secured-user-images.githubusercontent.com/ *.githubusercontent.com; manifest-src 'self'; media-src 'none'; script-src github.githubassets.com; style-src 'unsafe-inline' github.githubassets.com; worker-src github.com/socket-worker-3f088aa2.js gist.github.com/socket-worker-3f088aa2.js","x-github-request-id":"F16D:05C5:156A2C:42DA8D:60F82F22"}
[debug] [2021-07-21T14:28:50.079Z] >>> [apiv2][query] GET https://api.github.com/user [none]
[debug] [2021-07-21T14:28:50.278Z] <<< [apiv2][status] GET https://api.github.com/user 200
[debug] [2021-07-21T14:28:50.278Z] <<< [apiv2][body] GET https://api.github.com/user {"login":"ayushmaang","id":9752535,"node_id":"MDQ6VXNlcjk3NTI1MzU=","avatar_url":"https://avatars.githubusercontent.com/u/9752535?v=4","gravatar_id":"","url":"https://api.github.com/users/ayushmaang","html_url":"https://github.com/ayushmaang","followers_url":"https://api.github.com/users/ayushmaang/followers","following_url":"https://api.github.com/users/ayushmaang/following{/other_user}","gists_url":"https://api.github.com/users/ayushmaang/gists{/gist_id}","starred_url":"https://api.github.com/users/ayushmaang/starred{/owner}{/repo}","subscriptions_url":"https://api.github.com/users/ayushmaang/subscriptions","organizations_url":"https://api.github.com/users/ayushmaang/orgs","repos_url":"https://api.github.com/users/ayushmaang/repos","events_url":"https://api.github.com/users/ayushmaang/events{/privacy}","received_events_url":"https://api.github.com/users/ayushmaang/received_events","type":"User","site_admin":false,"name":"Ayushmaan Ganotra","company":null,"blog":"","location":null,"email":"ayushmaang@gmail.com","hireable":null,"bio":"I am currently a Sophomore at Virginia Tech. I love to work on Computer Science and more specifically Artificial Intelligence.","twitter_username":null,"public_repos":17,"public_gists":0,"followers":5,"following":0,"created_at":"2014-11-14T20:11:50Z","updated_at":"2021-07-21T14:28:49Z","private_gists":0,"total_private_repos":10,"owned_private_repos":9,"disk_usage":630706,"collaborators":7,"two_factor_authentication":false,"plan":{"name":"pro","space":976562499,"collaborators":0,"private_repos":9999}}
[info] 
[info] ✔  Success! Logged into GitHub as ayushmaang 
[info] 
